<?xml version="1.0" encoding="utf-8"?><testsuites name="pytest tests"><testsuite name="pytest" errors="0" failures="0" skipped="0" tests="7" time="1.579" timestamp="2026-04-22T12:34:57.578350+00:00" hostname="agent-env-75455b2c-e39c-4e83-9134-8c6b86c9600a"><testcase classname="tests.test_iter15_stripe_supabase.TestHealth" name="test_root_alive" time="0.289" /><testcase classname="tests.test_iter15_stripe_supabase.TestCreateCheckoutMetadata" name="test_create_checkout_persists_full_metadata" time="0.757" /><testcase classname="tests.test_iter15_stripe_supabase.TestSupabaseAdmin" name="test_import_clean" time="0.330" /><testcase classname="tests.test_iter15_stripe_supabase.TestSupabaseAdmin" name="test_update_profile_plan_no_user_id_returns_false" time="0.000" /><testcase classname="tests.test_iter15_stripe_supabase.TestSupabaseAdmin" name="test_update_profile_plan_no_matching_row_returns_false" time="0.000" /><testcase classname="tests.test_iter15_stripe_supabase.TestSupabaseAdmin" name="test_get_admin_client_returns_none_when_env_missing" time="0.003" /><testcase classname="tests.test_iter15_stripe_supabase.TestCheckoutStatusProfileSync" name="test_idempotency_logic_via_mongo_state" time="0.002" /></testsuite></testsuites>