<?xml version="1.0" encoding="utf-8"?><testsuites name="pytest tests"><testsuite name="pytest" errors="0" failures="0" skipped="0" tests="8" time="10.713" timestamp="2026-04-21T06:23:52.040354+00:00" hostname="agent-env-75455b2c-e39c-4e83-9134-8c6b86c9600a"><testcase classname="tests.test_chat_and_regression.TestChat" name="test_chat_basic_es" time="1.649" /><testcase classname="tests.test_chat_and_regression.TestChat" name="test_chat_multiturn_context" time="5.627" /><testcase classname="tests.test_chat_and_regression.TestChat" name="test_chat_english" time="2.213" /><testcase classname="tests.test_chat_and_regression.TestChat" name="test_chat_validation_empty" time="0.104" /><testcase classname="tests.test_chat_and_regression.TestChat" name="test_chat_validation_too_long" time="0.104" /><testcase classname="tests.test_chat_and_regression.TestChat" name="test_chat_session_limit_codepath" time="0.185" /><testcase classname="tests.test_chat_and_regression.TestStripeRegression" name="test_create_checkout" time="0.640" /><testcase classname="tests.test_chat_and_regression.TestStripeRegression" name="test_payments_count" time="0.127" /></testsuite></testsuites>