<?xml version="1.0" encoding="utf-8"?><testsuites name="pytest tests"><testsuite name="pytest" errors="0" failures="0" skipped="0" tests="5" time="1.801" timestamp="2026-04-22T05:35:38.322333+00:00" hostname="agent-env-75455b2c-e39c-4e83-9134-8c6b86c9600a"><testcase classname="backend.tests.test_stripe_checkout_iter14.TestStripeCheckout" name="test_minimal_payload" time="0.841" /><testcase classname="backend.tests.test_stripe_checkout_iter14.TestStripeCheckout" name="test_full_payload_with_optional_fields" time="0.487" /><testcase classname="backend.tests.test_stripe_checkout_iter14.TestStripeCheckout" name="test_invalid_package_rejected" time="0.119" /><testcase classname="backend.tests.test_stripe_checkout_iter14.TestStripeCheckout" name="test_missing_origin_url_rejected" time="0.141" /><testcase classname="backend.tests.test_stripe_checkout_iter14.TestHealth" name="test_root_api" time="0.157" /></testsuite></testsuites>