<?xml version="1.0" encoding="utf-8"?><testsuites name="pytest tests"><testsuite name="pytest" errors="0" failures="1" skipped="0" tests="7" time="1.405" timestamp="2026-04-22T13:56:38.871297+00:00" hostname="agent-env-75455b2c-e39c-4e83-9134-8c6b86c9600a"><testcase classname="backend.tests.test_iter16_stripe_removed.TestStripeRoutesRemoved" name="test_create_checkout_removed" time="0.400" /><testcase classname="backend.tests.test_iter16_stripe_removed.TestStripeRoutesRemoved" name="test_webhook_stripe_removed" time="0.171" /><testcase classname="backend.tests.test_iter16_stripe_removed.TestStripeRoutesRemoved" name="test_checkout_status_removed" time="0.183" /><testcase classname="backend.tests.test_iter16_stripe_removed.TestPaymentsCount" name="test_payments_count_ok" time="0.115" /><testcase classname="backend.tests.test_iter16_stripe_removed.TestChat" name="test_chat_basic" time="0.153"><failure message="AssertionError: chat failed: 404 {&quot;detail&quot;:&quot;Not Found&quot;}&#10;assert 404 == 200&#10; +  where 404 = &lt;Response [404]&gt;.status_code">backend/tests/test_iter16_stripe_removed.py:53: in test_chat_basic
    assert r.status_code == 200, f"chat failed: {r.status_code} {r.text[:300]}"
E   AssertionError: chat failed: 404 {"detail":"Not Found"}
E   assert 404 == 200
E    +  where 404 = &lt;Response [404]&gt;.status_code</failure></testcase><testcase classname="backend.tests.test_iter16_stripe_removed.TestAdminInsights" name="test_insights_requires_auth" time="0.135" /><testcase classname="backend.tests.test_iter16_stripe_removed.TestAdminInsights" name="test_insights_with_auth" time="0.167" /></testsuite></testsuites>