<?xml version="1.0" encoding="utf-8"?><testsuites name="pytest tests"><testsuite name="pytest" errors="0" failures="0" skipped="0" tests="9" time="6.441" timestamp="2026-04-21T06:50:27.058264+00:00" hostname="agent-env-75455b2c-e39c-4e83-9134-8c6b86c9600a"><testcase classname="backend.tests.test_admin_insights" name="test_insights_requires_auth" time="0.157" /><testcase classname="backend.tests.test_admin_insights" name="test_insights_wrong_credentials" time="0.169" /><testcase classname="backend.tests.test_admin_insights" name="test_insights_correct_credentials_returns_shape" time="0.121" /><testcase classname="backend.tests.test_admin_insights" name="test_insights_grouping_case_and_accent" time="0.123" /><testcase classname="backend.tests.test_admin_insights" name="test_insights_query_params_days_limit" time="0.120" /><testcase classname="backend.tests.test_admin_insights" name="test_insights_days_clamped_low" time="0.111" /><testcase classname="backend.tests.test_admin_insights" name="test_insights_days_clamped_high" time="0.105" /><testcase classname="backend.tests.test_admin_insights" name="test_chat_message_regression" time="4.581" /><testcase classname="backend.tests.test_admin_insights" name="test_stripe_create_checkout_regression" time="0.832" /></testsuite></testsuites>