<?xml version="1.0" encoding="utf-8"?><testsuites name="pytest tests"><testsuite name="pytest" errors="0" failures="0" skipped="0" tests="6" time="1.444" timestamp="2026-04-21T04:21:53.522200+00:00" hostname="agent-env-75455b2c-e39c-4e83-9134-8c6b86c9600a"><testcase classname="backend.tests.backend_test.TestStripeCreateCheckout" name="test_create_checkout_returns_url_and_session" time="0.873" /><testcase classname="backend.tests.backend_test.TestStripeCreateCheckout" name="test_create_checkout_invalid_package" time="0.054" /><testcase classname="backend.tests.backend_test.TestStripeCheckoutStatus" name="test_checkout_status_returns_expected_fields" time="0.245" /><testcase classname="backend.tests.backend_test.TestStripePaymentsCount" name="test_payments_count_at_least_127" time="0.048" /><testcase classname="backend.tests.backend_test.TestEarlyAccess" name="test_early_access_success" time="0.059" /><testcase classname="backend.tests.backend_test.TestEarlyAccess" name="test_early_access_invalid_email" time="0.044" /></testsuite></testsuites>