<?xml version="1.0" encoding="utf-8"?><testsuites name="pytest tests"><testsuite name="pytest" errors="0" failures="0" skipped="0" tests="11" time="2.554" timestamp="2026-04-21T05:46:34.784854+00:00" hostname="agent-env-75455b2c-e39c-4e83-9134-8c6b86c9600a"><testcase classname="backend.tests.backend_test.TestStripeCreateCheckout" name="test_create_checkout_returns_url_and_session" time="0.720" /><testcase classname="backend.tests.backend_test.TestStripeCreateCheckout" name="test_create_checkout_invalid_package" time="0.047" /><testcase classname="backend.tests.backend_test.TestStripeCheckoutStatus" name="test_checkout_status_returns_expected_fields" time="0.273" /><testcase classname="backend.tests.backend_test.TestStripePaymentsCount" name="test_payments_count_at_least_127" time="0.061" /><testcase classname="backend.tests.backend_test.TestEarlyAccess" name="test_early_access_success" time="0.050" /><testcase classname="backend.tests.backend_test.TestEarlyAccess" name="test_early_access_invalid_email" time="0.044" /><testcase classname="backend.tests.test_emails_and_idempotency.TestCreateCheckoutWithEmail" name="test_email_persisted_in_transaction" time="0.574" /><testcase classname="backend.tests.test_emails_and_idempotency.TestCheckoutStatusIdempotency" name="test_status_twice_no_duplicate" time="0.590" /><testcase classname="backend.tests.test_emails_and_idempotency.TestEmailsModule" name="test_env_vars_present" time="0.003" /><testcase classname="backend.tests.test_emails_and_idempotency.TestEmailsModule" name="test_emails_module_imports" time="0.066" /><testcase classname="backend.tests.test_emails_and_idempotency.TestEmailsModule" name="test_welcome_email_html_renders" time="0.002" /></testsuite></testsuites>